63.064750 0.709962 0.603467 0.816456 
63.066300 0.709958 0.603464 0.816452 
63.068975 0.709952 0.603459 0.816444 
63.070138 0.709949 0.603457 0.816441 
63.068687 0.709952 0.603459 0.816445 
63.066075 0.709959 0.603465 0.816452 
63.064975 0.709961 0.603467 0.816455 
63.066475 0.709958 0.603464 0.816451 
63.069075 0.709951 0.603459 0.816444 
63.070163 0.709949 0.603457 0.816441 
63.068613 0.709953 0.603460 0.816445 
63.065975 0.709959 0.603465 0.816453 
63.064850 0.709961 0.603467 0.816456 
63.066375 0.709958 0.603464 0.816452 
63.069012 0.709952 0.603459 0.816444 
63.070150 0.709949 0.603457 0.816441 
63.068650 0.709952 0.603460 0.816445 
63.066025 0.709959 0.603465 0.816452 
63.064913 0.709961 0.603467 0.816455 
63.066425 0.709958 0.603464 0.816451 
63.069050 0.709951 0.603459 0.816444 
63.070150 0.709949 0.603457 0.816441 
63.068625 0.709952 0.603460 0.816445 
63.065987 0.709959 0.603465 0.816453 
63.064875 0.709961 0.603467 0.816456 
63.066387 0.709958 0.603464 0.816451 
63.069025 0.709952 0.603459 0.816444 
63.070150 0.709949 0.603457 0.816441 
63.068638 0.709952 0.603460 0.816445 
63.066000 0.709959 0.603465 0.816453 
63.064887 0.709961 0.603467 0.816456 
63.066412 0.709958 0.603464 0.816451 
63.069038 0.709952 0.603459 0.816444 
63.070150 0.709949 0.603457 0.816441 
63.068625 0.709952 0.603460 0.816445 
63.066000 0.709959 0.603465 0.816453 
63.064887 0.709961 0.603467 0.816456 
63.066400 0.709958 0.603464 0.816451 
73.726137 0.687407 0.584296 0.790517 
97.957650 0.650314 0.552767 0.747861 
123.599437 0.623223 0.529740 0.716707 
139.681450 0.609996 0.518497 0.701495 
143.963912 0.606831 0.515806 0.697855 
143.653438 0.607056 0.515997 0.698114 
149.966313 0.602610 0.512218 0.693001 
167.085225 0.591766 0.503001 0.680531 
187.987237 0.580452 0.493384 0.667520 
201.380437 0.574078 0.487967 0.660190 
205.714363 0.572140 0.486319 0.657961 
205.681513 0.572155 0.486331 0.657978 
203.722650 0.573024 0.487070 0.658977 
199.535338 0.574921 0.488683 0.661159 
194.981975 0.577048 0.490491 0.663605 
194.146050 0.577446 0.490829 0.664063 
195.430938 0.576835 0.490310 0.663360 
195.305238 0.576895 0.490360 0.663429 
194.016600 0.577508 0.490881 0.664134 
193.255275 0.577872 0.491192 0.664553 
194.489288 0.577282 0.490690 0.663874 
197.643275 0.575797 0.489427 0.662166 
199.218450 0.575067 0.488807 0.661327 
199.221713 0.575066 0.488806 0.661325 
199.645437 0.574871 0.488640 0.661101 
200.658138 0.574407 0.488246 0.660568 
202.346950 0.573641 0.487595 0.659687 
203.240788 0.573239 0.487254 0.659225 
202.958763 0.573366 0.487361 0.659371 
202.971950 0.573360 0.487356 0.659364 
203.788987 0.572994 0.487045 0.658943 
204.516400 0.572670 0.486770 0.658571 
204.712388 0.572583 0.486696 0.658471 
204.675400 0.572600 0.486710 0.658490 
204.283475 0.572774 0.486858 0.658690 
204.287475 0.572772 0.486856 0.658688 
203.947350 0.572924 0.486985 0.658862 
203.014800 0.573341 0.487340 0.659342 
202.685712 0.573489 0.487465 0.659512 
202.293200 0.573665 0.487616 0.659715 
202.170112 0.573721 0.487663 0.659779 
202.167000 0.573722 0.487664 0.659781 
201.982988 0.573806 0.487735 0.659876 
202.531625 0.573558 0.487524 0.659592 
203.334188 0.573198 0.487218 0.659177 
203.755488 0.573009 0.487058 0.658961 
203.822525 0.572979 0.487032 0.658926 
203.813863 0.572983 0.487036 0.658931 
203.883225 0.572952 0.487009 0.658895 
204.304225 0.572765 0.486850 0.658679 
204.325762 0.572755 0.486842 0.658668 
203.748250 0.573012 0.487061 0.658964 
203.536150 0.573107 0.487141 0.659073 
203.542588 0.573104 0.487139 0.659070 
203.777638 0.572999 0.487049 0.658949 
204.101650 0.572855 0.486927 0.658783 
203.749625 0.573012 0.487060 0.658964 
203.573150 0.573091 0.487127 0.659054 
203.689263 0.573039 0.487083 0.658995 
203.680162 0.573043 0.487086 0.658999 
203.582300 0.573087 0.487124 0.659050 
203.265862 0.573228 0.487244 0.659212 
202.849962 0.573415 0.487403 0.659427 
202.865625 0.573408 0.487397 0.659419 
202.987750 0.573353 0.487350 0.659356 
202.988850 0.573352 0.487350 0.659355 
203.098838 0.573303 0.487308 0.659299 
203.267325 0.573228 0.487243 0.659212 
203.569600 0.573092 0.487128 0.659056 
203.937888 0.572928 0.486989 0.658867 
204.038050 0.572883 0.486951 0.658816 
204.040988 0.572882 0.486950 0.658814 
204.086787 0.572861 0.486932 0.658791 
204.078363 0.572865 0.486935 0.658795 
204.030763 0.572886 0.486953 0.658819 
203.931488 0.572931 0.486991 0.658870 
203.755188 0.573009 0.487058 0.658961 
203.763400 0.573006 0.487055 0.658956 
203.827025 0.572977 0.487031 0.658924 
203.798287 0.572990 0.487042 0.658939 
203.849538 0.572967 0.487022 0.658912 
203.838075 0.572972 0.487026 0.658918 
203.828875 0.572976 0.487030 0.658923 
203.826475 0.572977 0.487031 0.658924 
203.674675 0.573045 0.487088 0.659002 
203.534400 0.573108 0.487142 0.659074 
203.497100 0.573125 0.487156 0.659093 
203.473250 0.573135 0.487165 0.659106 
203.424350 0.573157 0.487184 0.659131 
203.423737 0.573157 0.487184 0.659131 
203.433125 0.573153 0.487180 0.659126 
203.577562 0.573089 0.487125 0.659052 
203.802925 0.572988 0.487040 0.658936 
203.849088 0.572967 0.487022 0.658912 
203.861787 0.572962 0.487017 0.658906 
203.856438 0.572964 0.487019 0.658909 
