63.622850 0.708644 0.602348 0.814941 
63.624400 0.708641 0.602344 0.814937 
63.627100 0.708634 0.602339 0.814929 
63.628287 0.708631 0.602337 0.814926 
63.626812 0.708635 0.602340 0.814930 
63.624187 0.708641 0.602345 0.814937 
63.623063 0.708644 0.602347 0.814940 
63.624575 0.708640 0.602344 0.814936 
63.627212 0.708634 0.602339 0.814929 
63.628300 0.708631 0.602337 0.814926 
63.626750 0.708635 0.602340 0.814930 
63.624088 0.708641 0.602345 0.814938 
63.622950 0.708644 0.602347 0.814941 
63.624488 0.708640 0.602344 0.814936 
63.627150 0.708634 0.602339 0.814929 
63.628300 0.708631 0.602337 0.814926 
63.626775 0.708635 0.602340 0.814930 
63.624125 0.708641 0.602345 0.814937 
63.623012 0.708644 0.602347 0.814940 
63.624538 0.708640 0.602344 0.814936 
63.627175 0.708634 0.602339 0.814929 
63.628287 0.708631 0.602337 0.814926 
63.626762 0.708635 0.602340 0.814930 
63.624100 0.708641 0.602345 0.814937 
63.622975 0.708644 0.602347 0.814941 
63.624500 0.708640 0.602344 0.814936 
63.627162 0.708634 0.602339 0.814929 
63.628287 0.708631 0.602337 0.814926 
63.626762 0.708635 0.602340 0.814930 
63.624112 0.708641 0.602345 0.814937 
63.622987 0.708644 0.602347 0.814940 
63.624525 0.708640 0.602344 0.814936 
63.627175 0.708634 0.602339 0.814929 
63.628287 0.708631 0.602337 0.814926 
63.626762 0.708635 0.602340 0.814930 
63.624100 0.708641 0.602345 0.814937 
63.622975 0.708644 0.602347 0.814941 
63.624512 0.708640 0.602344 0.814936 
74.381213 0.686178 0.583251 0.789105 
98.836362 0.649223 0.551840 0.746607 
124.692425 0.622249 0.528912 0.715586 
140.906475 0.609077 0.517715 0.700438 
145.220025 0.605927 0.515038 0.696816 
144.906750 0.606152 0.515229 0.697074 
151.310075 0.601697 0.511443 0.691952 
168.554700 0.590908 0.502271 0.679544 
189.639563 0.579632 0.492687 0.666577 
203.102363 0.573302 0.487306 0.659297 
207.450925 0.571379 0.485672 0.657086 
207.426437 0.571390 0.485681 0.657098 
205.443075 0.572260 0.486421 0.658099 
201.192263 0.574164 0.488039 0.660289 
196.565675 0.576301 0.489855 0.662746 
195.711775 0.576702 0.490197 0.663208 
196.969325 0.576111 0.489695 0.662528 
196.837662 0.576173 0.489747 0.662599 
195.467488 0.576818 0.490295 0.663341 
194.678163 0.577192 0.490613 0.663771 
195.902475 0.576613 0.490121 0.663104 
199.096287 0.575123 0.488855 0.661392 
200.679138 0.574398 0.488238 0.660557 
200.682463 0.574396 0.488237 0.660555 
201.097750 0.574207 0.488076 0.660338 
202.136500 0.573736 0.487676 0.659797 
203.929638 0.572931 0.486992 0.658871 
204.805400 0.572542 0.486661 0.658423 
204.566187 0.572648 0.486751 0.658545 
204.579388 0.572642 0.486746 0.658539 
205.428950 0.572266 0.486426 0.658106 
206.253012 0.571903 0.486118 0.657688 
206.410212 0.571834 0.486059 0.657609 
206.387037 0.571844 0.486068 0.657621 
205.957637 0.572033 0.486228 0.657838 
205.963288 0.572030 0.486226 0.657835 
205.633963 0.572175 0.486349 0.658002 
204.592275 0.572636 0.486741 0.658532 
204.211325 0.572806 0.486885 0.658727 
203.780788 0.572998 0.487048 0.658948 
203.662425 0.573051 0.487093 0.659008 
203.658087 0.573053 0.487095 0.659011 
203.408675 0.573164 0.487190 0.659139 
203.892800 0.572948 0.487006 0.658890 
204.728887 0.572576 0.486689 0.658462 
205.221875 0.572357 0.486504 0.658211 
205.341700 0.572305 0.486459 0.658150 
205.332213 0.572309 0.486462 0.658155 
205.405425 0.572276 0.486435 0.658118 
205.913750 0.572052 0.486244 0.657860 
206.021100 0.572005 0.486204 0.657806 
205.521275 0.572225 0.486391 0.658059 
205.304712 0.572321 0.486473 0.658169 
205.312350 0.572317 0.486470 0.658165 
205.621775 0.572181 0.486354 0.658008 
205.969900 0.572027 0.486223 0.657832 
205.616325 0.572183 0.486356 0.658011 
205.373487 0.572290 0.486447 0.658134 
205.462275 0.572251 0.486414 0.658089 
205.455175 0.572254 0.486416 0.658093 
205.329975 0.572310 0.486463 0.658156 
204.955312 0.572475 0.486604 0.658347 
204.432588 0.572707 0.486801 0.658614 
204.441625 0.572703 0.486798 0.658609 
204.560700 0.572651 0.486753 0.658548 
204.559450 0.572651 0.486753 0.658549 
204.642875 0.572614 0.486722 0.658506 
204.783075 0.572552 0.486669 0.658435 
205.149850 0.572389 0.486531 0.658248 
205.556912 0.572209 0.486378 0.658041 
205.710175 0.572142 0.486321 0.657963 
205.712513 0.572141 0.486320 0.657962 
205.780238 0.572111 0.486294 0.657928 
205.873263 0.572070 0.486260 0.657881 
205.849425 0.572081 0.486268 0.657893 
205.769375 0.572116 0.486298 0.657933 
205.578000 0.572200 0.486370 0.658030 
205.587700 0.572196 0.486367 0.658025 
205.705212 0.572144 0.486322 0.657966 
205.672212 0.572159 0.486335 0.657982 
205.660525 0.572164 0.486339 0.657988 
205.587812 0.572196 0.486366 0.658025 
205.559563 0.572208 0.486377 0.658040 
205.557800 0.572209 0.486378 0.658040 
205.382125 0.572287 0.486444 0.658130 
205.163550 0.572383 0.486526 0.658241 
205.069888 0.572425 0.486561 0.658288 
205.048962 0.572434 0.486569 0.658299 
205.021812 0.572446 0.486579 0.658313 
205.019600 0.572447 0.486580 0.658314 
204.995462 0.572458 0.486589 0.658326 
205.144437 0.572392 0.486533 0.658250 
205.424062 0.572268 0.486428 0.658108 
205.531587 0.572221 0.486388 0.658054 
205.563363 0.572207 0.486376 0.658038 
205.557650 0.572209 0.486378 0.658041 
