      0       0.0   123733.8624  -62413.2135  -61320.6489  34.49781182  -112.287087  77.78927498
    100   .001389   107469.5083  -625.619645  -106843.889  84.74960685  -109.738468  24.98886127
    200   .002778   62404.33904   61329.5447  -123733.884  112.2885646  -77.7808904  -34.5076742
    300   .004167   615.2615619  106849.1165  -107464.378    109.73495  -24.9785584  -84.7563916
    400   .005556   -61338.6313  123733.9554  -62395.3241  77.77338715  34.51745511  -112.290842
    500   .006945   -106854.393  107459.1686  -604.775438  24.96868206  84.76379441  -109.732476
    600   .008334   -123734.036  62386.37075  61347.66556  -34.5273322  112.2936667  -77.7663344
    700   .009723   -107454.076  594.4962632  106859.5794   -84.770544  109.7302141  -24.9596701
    800   .011112   -62377.4268  -61356.6199  123734.0467  -112.296278  77.75988675  34.53639084
    900   .012501   -584.161514  -106864.846  107449.0077  -109.727498  24.95072663  84.77677147
   1000    .01389   61365.59769   -123734.14  62368.54269  -77.7528857  -34.5451273   112.298013
   1100   .015279   106870.0056  -107443.814  573.8081474  -24.9415387  -84.7828561  109.7243948
   1200   .016668   123734.1367  -62359.4613  -61374.6753  34.55400509  -112.299672  77.74566714
   1300   .018057   107438.6621  -563.472677  -106875.189  84.78937697  -109.721295  24.93191817
   1400   .019446   62350.57169  61383.64775  -123734.219  112.3016342  -77.7382657  -34.5633685
   1500   .020835   553.0717702  106880.4229  -107433.495  109.7182702  -24.9223201  -84.7959501
   1600   .022224   -61392.6236  123734.2848  -62341.6612  77.73116508  34.57276209  -112.303927
   1700   .023613   -106885.714  107428.4357  -542.722237  24.91274047   84.8025825  -109.715323
   1800   .025002   -123734.313  62332.65292  61401.65986  -34.5820181  112.3061879  -77.7241698
   1900   .026391   -107423.254   532.365322  106890.8891  -84.8092587  109.7127093  -24.9034506
   2000    .02778   -62323.7172  -61410.6407  123734.3579  -112.308365   77.7172597  34.59110536
   2100   .029169   -521.976218  -106896.124  107418.1003  -109.709837  24.89406874  84.81576861
   2200   .030558   61419.61814   -123734.36  62314.74199  -77.7101243  -34.6002027   112.310327
   2300   .031947   106901.3461  -107412.954  511.6077799  -24.8847772  -84.8221109  109.7068881
   2400   .033336    123734.425  -62305.7543  -61428.6707  34.60944335  -112.312352  77.70290829
   2500   .034725   107407.7965  -501.200652  -106906.596  84.82855919  -109.703899  24.87534027
   2600   .036114   62296.83593  61437.62581  -123734.462  112.3144057   -77.695791  -34.6186148
   2700   .037503   490.8578208  106911.8291  -107402.687  109.7009958  -24.8658963  -84.8350996
   2800   .038892   -61446.6276  123734.5052  -62287.8777   77.6886114  34.62785299  -112.316464
   2900   .040281   -106917.003  107397.5548  -480.551769  24.85643584  84.84162856  -109.698064
   3000    .04167   -123734.552  62278.93067  61455.62164  -34.6370335  112.3185637  -77.6815302
   3100   .043059   -107392.373  470.1520568  106922.2213  -84.8481972  109.6952498  -24.8470526
   3200   .044448   -62269.9879  -61464.6024  123734.5903  -112.320718  77.67442961   34.6462888
   3300   .045837   -459.789259  -106927.432  107387.2214  -109.692377   24.8377187  84.85465798
   3400   .047226   61473.62125  -123734.635   62261.0139   -77.667395  -34.6554764  112.3228714
   3500   .048615   106932.6717  -107382.078  449.4063066  -24.8282526  -84.8611617  109.6894143
   3600   .050004   123734.6731    -62252.05   -61482.623  34.66459938  -112.324883  77.66028324
   3700   .051393   107376.9177    -439.0492  -106937.868   84.8676909  -109.686553  24.81886233
   3800   .052782   62243.08156  61491.63303  -123734.715  112.3269505  -77.6531713  -34.6737792
   3900   .054171   428.6815227  106943.0668  -107371.748  109.6836016  -24.8094444  -84.8741572
   4000    .05556   -61500.5946  123734.7461  -62234.1515  77.64600852  34.68300972  -112.329018
   4100   .056949   -106948.298  107366.6009  -418.303338  24.80000842  84.88067961  -109.680688
   4200   .058338   -123734.771  62225.15675  61509.61447  -34.6921868  112.3310667  -77.6388799
   4300   .059727   -107361.459  407.9431225  106953.5157   -84.887174  109.6777736  -24.7905996
   4400   .061116   -62216.2155  -61518.6079  123734.8233  -112.333175  77.63181903   34.7013562
   4500   .062505   -397.577261   -106958.72  107356.2976  -109.674909  24.78120559  84.89370304
   4600   .063894   61527.58866  -123734.849  62207.26051  -77.6247085  -34.7105223  112.3352308
   4700   .065283   106963.9427  -107351.183   387.240417   -24.771792  -84.9002045  109.6719965
   4800   .066672   123734.8928  -62198.3019   -61536.591  34.71974572  -112.337308  77.61756203
   4900   .068061    110475.168  2668.088884  -103924.195  234.3747701  -102.972108   31.4593731
   5000    .06945   68522.66718  63481.75105  -121798.758  378.3596879  -81.5575107  -38.6759794
   5100   .070839   -641.162535  112183.9283  -102131.274  414.6281159  -21.8547503  -82.0149789
   5200   .072228   -65169.7015  115918.7751  -69996.5045  333.5476237  48.26538439  -98.8142651
   5300   .073617   -106741.159  121835.3959  14143.57195  165.1636252  78.90630767  -115.676671
   5400   .075006   -126477.068   54906.9004  54299.07685  -9.02420473  137.0385545  -52.9012406
   5500   .076395   -111481.328  -4770.47948  101868.5257  -195.389272  74.66802059  -59.7264548
   5600   .077784   -56716.4205   -56596.402  128711.1626  -310.127073  84.43144429  41.59881163
   5700   .079173   -282.399092   -107816.32  106499.0225  -343.199171   -11.333973  48.87393634
   5800   .080562   64652.05336  -124434.322  61454.17273    -267.0073  -47.6586231  99.45475318
   5900   .081951    107865.153  -112263.304  -4618.06513  -142.798914  -102.292382  92.30131425
   6000    .08334   128432.6544  -56953.6188  -56399.6451  30.48483009  -121.154669  68.77000097
   6100   .084729   97743.71173  2431.092299  -104254.649  196.4452307  -95.6008568  38.75663256
   6200   .086118   57262.83425  56662.74441  -128671.887  327.2524176  -63.7570468   -20.973311
   6300   .087507   -1659.49063  107525.7003  -106789.799  364.7047643  -14.2789863  -74.5346715
   6400   .088896   -60488.1708  125146.4111  -60715.2852  322.5655707  53.17589489   -93.971235
   6500   .090285   -107994.644  104346.9485  -3251.71101  196.4537814  84.72447181  -109.880004
   6600   .091674     -117806.9  61094.60253  60594.47566  22.54555326  114.5988932  -75.3106195
   6700   .093063   -97418.0387  -2576.00258  104156.4371  -168.602859  101.2974324  -33.0230917
   6800   .094452    -59925.559  -58677.1349  126684.5245  -300.637259  61.43430715  18.69950878
   6900   .095841   -1818.78666  -108176.152  106139.4732  -356.707845  22.20924902  82.51267875
   7000    .09723   62164.98153  -123753.897  62080.97334  -307.298402  -51.9943553  95.18656497
   7100   .098619   105342.4255   -106488.16  1063.903435  -177.672665   -86.841594  107.7736358
   7200   .100008   116645.9386    -64958.04  -64511.7957  18.88716991  -120.076582  69.81778485
   7300   .101397   103356.6695  2497.496715  -104281.646  205.7827717  -109.846287  24.43726335
   7400   .102786   61655.89031  60875.61147  -124513.075  340.0539885  -66.9231305  -24.2372436
   7500   .104175   1249.205092  106288.7962  -108026.915  383.1871455  -17.0295389  -77.3806521
   7600   .105564   -63940.7884  125609.5401  -60198.4945  333.8585114  47.39218238  -99.8224529
   7700   .106953   -102214.468  108954.4601  1448.986964  190.2856446  97.19896448   -97.426953
   7800   .108342   -121164.777  63355.48144  62963.10109  -1.15317064  116.2142954  -73.6649071
   7900   .109731    -103306.21  -1323.01301  105502.8335   -186.04148  109.4578604  -24.7886891
   8000    .11112   -61798.1309  -62641.2966  122774.4386  -309.730784  60.42413831  17.78715465
   8100   .112509   3865.367748   -104451.09  109864.7412  -358.853251  9.315668243  69.71454772
   8200   .113898   60171.30967  -126137.904  59643.29568  -306.825277  -50.4714833  96.77691006
   8300   .115287   104928.0389  -107062.439  396.4377576  -168.753138  -100.094374  94.54228099
   8400   .116676   119442.4374  -60530.8211  -60192.3022  20.70118512  -113.361011    76.503003
   8500   .118065   103667.6982  938.2327108  -105934.292  198.6231359  -105.629029  28.58048639
   8600   .119454   55413.86493  62616.34323  -122826.369  328.4048777  -61.9067463  -19.3186813
   8700   .120843   -929.018897  105350.6958  -108965.208  379.5848979  -8.39909994  -68.8457038
   8800   .122232   -61296.4354  123373.2544  -62381.0712  328.8397819  46.90004693  -100.382069
   8900   .123621   -101575.624  106103.6093   -1308.6629   187.489202  95.25788118  -99.3894779
   9000    .12501   -120618.175  60519.66357  60235.00975  .4530028042  111.5323544  -78.3164885
   9100   .126399   -99517.3448  83.05327441  107002.2774  -182.148425  103.5219764  -30.6505523
   9200   .127788    -58499.901  -61970.3565  123499.3569  -316.585871   66.0577709  23.51861222
   9300   .129177    367.067472  -105825.454  108490.5285  -367.638303  8.077117883  68.57141287
   9400   .130566   57090.00427  -121933.416  63794.03831  -312.212916  -45.8894322  101.4264081
   9500   .131955   103660.5918  -107990.423  -624.774173  -170.271326  -95.1144762  99.54354834
   9600   .133344   118746.1131  -62562.5199  -62331.7284  15.34310356   -115.95912  73.87450247
   9700   .134733   103406.3227  -1241.61182  -108207.517  200.0986193  -105.706763  28.42872739
   9800   .136122   58760.97521  61818.37154  -123678.332  333.6722437  -68.7614626  -26.2712441
   9900   .137511   2262.811041  106039.8382  -108276.205  379.8206719  -8.77008161  -69.3121003
  10000     .1389   -59988.2114  123324.7231   -62375.867  321.4592577   47.5170562  -99.8325121
  10100   .140289   -103629.103  109248.0612  1929.028106  182.6715806  95.43701458  -99.2317036
  10200   .141678   -121535.543  63245.67185  63068.73765  -2.68004435  117.3837506  -72.4346585
  10300   .143067   -102261.137  226.8178099  107239.3868  -187.088014  104.1573777  -29.9410789
  10400   .144456   -59275.7099  -61937.3951  123586.2699  -320.622236  65.88603126   23.4447311
  10500   .145845   1054.162449  -107335.424  106980.6437  -363.784391  7.589274666  68.17900289
  10600   .147234   60310.74597  -123742.069  61931.61386  -309.947671  -50.8744057  96.50884955
  10700   .148623   104913.6561  -108145.189  -872.786805  -172.933595  -95.3247131  99.35467427
  10800   .150012    119136.258  -61847.7462  -61724.6805  11.29529784  -116.503814  73.29937126
  10900   .151401   101786.0011  709.5586475  -106349.682  198.0388961  -103.074434  30.98699486
  11000    .15279   57563.84124  61927.14713  -123623.491  329.7237426  -64.9285874  -22.5361992
  11100   .154179   -299.205858  107366.9519   -106949.16  375.2678452  -8.63854401  -69.2759727
  11200   .155568   -60149.4185  122940.8235  -62705.9565  321.6598938  50.30330444  -97.1136484
  11300   .156957   -102739.532  106543.7209  -682.049747  185.4484513  93.30957586  -101.380461
  11400   .158346   -118285.817  61805.70418  61736.50386  -3.25506421  114.4535131  -75.3344185
  11500   .159735   -101776.085  -12.6989932  107093.1984  -189.408853  103.2650867  -30.7592702
  11600   .161124   -59390.2415  -61342.6659  124234.9149  -322.724951  64.87374047  22.53029766
  11700   .162513   -393.481082  -106653.111   107663.014   -367.09332  9.177508258  69.86263772
  11800   .163902    59434.2892  -122943.368  62676.49431  -314.662667  -49.9120805  97.53856149
  11900   .165291   102727.8603  -106916.535  262.5997358   -175.20896  -94.0626267  100.6380557
  12000    .16668    118994.067  -63001.0357  -62985.6912  12.83744225  -115.154578  74.61811453
  12100   .168069   103417.6855  -831.496118  -107984.044  199.0057465  -105.328324  28.65898432
  12200   .169458   60115.30671  61364.70623  -124239.812  329.6185315  -65.5033424  -23.2088229
  12300   .170847   -464.145338  106894.5337  -107421.592  374.7467373  -9.76291803   -70.495741
  12400   .172236   -60271.1593  123967.5628  -61625.3634  320.3891491  49.67333569  -97.8109788
  12500   .173625   -103597.899  107825.5375  693.0584456  181.4309304  94.90159888  -99.8097141
  12600   .175014   -119551.307  63035.17318  63073.69585  -6.95898906  115.1696965  -74.5877294
  12700   .176403   -103668.825   447.127345  107646.3235  -190.743524  104.8302464  -29.1199914
  12800   .177792   -58647.9461  -62103.8335  123527.6125  -322.366953  64.76174021  22.51615537
  12900   .179181   1401.906273  -107492.447  106823.6753   -367.65431  8.693560513  69.47407319
  13000    .18057   60758.33532  -124318.367  61247.62314  -314.515629  -50.2118418  97.30613554
  13100   .181959   102988.6673   -107427.55  -341.722032  -174.998283  -95.7310678  98.99086169
  13200   .183348    119307.595  -62019.1611  -62111.5447  11.80198385  -114.846241  74.89590606
  13300   .184737   102363.0069  121.2299277  -107124.604  195.8178468  -104.181198  29.73195916
  13400   .186126   58232.86345  62251.74132  -123406.615  327.8694181   -64.944669  -22.7480313
  13500   .187515   -1331.77596  107314.9092  -107001.185  374.3384091  -8.64455716  -69.4727586
  13600   .188904   -59413.9245  123618.4214  -61920.6131  320.0835047  49.66508197  -97.8865534
  13700   .190293    -102711.86  106792.7738  -246.392692  180.3139792  95.05179818  -99.6807383
  13800   .191682   -118615.321  61660.52861  61806.77237  -6.67994089  114.1198128  -75.6070511
  13900   .193071   -102660.111  255.6522268  107548.1153  -190.940889  103.6126673  -30.2634143
  14000    .19446   -58568.1554  -61758.2976  123926.9638  -324.167521  65.07499486  22.92729301
  14100   .195849   23.92895458  -106843.314  107472.7438  -370.121482  8.557396844  69.43328082
  14200   .197238   59432.35984  -123387.886  62124.18267  -315.107443  -49.6616993  97.92358288
  14300   .198627   102879.4433  -107078.441  -85.9463601  -175.288384  -95.0252374   99.7178947
  14399 .20000211   119489.0947  -62857.4885  -61935.3565  9.321800346   -114.74901  75.27884343
