      0       0.0   123733.8624  -62413.2135  -61320.6489  34.49781182  -112.287087  77.78927498
    100   .001389   107469.5083  -625.619645  -106843.889  84.74960685  -109.738468  24.98886127
    200   .002778   62404.33904   61329.5447  -123733.884  112.2885646  -77.7808904  -34.5076742
    300   .004167   615.2615619  106849.1165  -107464.378    109.73495  -24.9785584  -84.7563916
    400   .005556   -61338.6313  123733.9554  -62395.3241  77.77338715  34.51745511  -112.290842
    500   .006945   -106854.393  107459.1686  -604.775438  24.96868206  84.76379441  -109.732476
    600   .008334   -123734.036  62386.37075  61347.66556  -34.5273322  112.2936667  -77.7663344
    700   .009723   -107454.076  594.4962632  106859.5794   -84.770544  109.7302141  -24.9596701
    800   .011112   -62377.4268  -61356.6199  123734.0467  -112.296278  77.75988675  34.53639084
    900   .012501   -584.161514  -106864.846  107449.0077  -109.727498  24.95072663  84.77677147
   1000    .01389   61365.59769   -123734.14  62368.54269  -77.7528857  -34.5451273   112.298013
   1100   .015279   106870.0056  -107443.814  573.8081474  -24.9415387  -84.7828561  109.7243948
   1200   .016668   123734.1367  -62359.4613  -61374.6753  34.55400509  -112.299672  77.74566714
   1300   .018057   107438.6621  -563.472677  -106875.189  84.78937697  -109.721295  24.93191817
   1400   .019446   62350.57169  61383.64775  -123734.219  112.3016342  -77.7382657  -34.5633685
   1500   .020835   553.0717702  106880.4229  -107433.495  109.7182702  -24.9223201  -84.7959501
   1600   .022224   -61392.6236  123734.2848  -62341.6612  77.73116508  34.57276209  -112.303927
   1700   .023613   -106885.714  107428.4357  -542.722237  24.91274047   84.8025825  -109.715323
   1800   .025002   -123734.313  62332.65292  61401.65986  -34.5820181  112.3061879  -77.7241698
   1900   .026391   -107423.254   532.365322  106890.8891  -84.8092587  109.7127093  -24.9034506
   2000    .02778   -62323.7172  -61410.6407  123734.3579  -112.308365   77.7172597  34.59110536
   2100   .029169   -521.976218  -106896.124  107418.1003  -109.709837  24.89406874  84.81576861
   2200   .030558   61419.61814   -123734.36  62314.74199  -77.7101243  -34.6002027   112.310327
   2300   .031947   106901.3461  -107412.954  511.6077799  -24.8847772  -84.8221109  109.7068881
   2400   .033336    123734.425  -62305.7543  -61428.6707  34.60944335  -112.312352  77.70290829
   2500   .034725   107407.7965  -501.200652  -106906.596  84.82855919  -109.703899  24.87534027
   2600   .036114   62296.83593  61437.62581  -123734.462  112.3144057   -77.695791  -34.6186148
   2700   .037503   490.8578208  106911.8291  -107402.687  109.7009958  -24.8658963  -84.8350996
   2800   .038892   -61446.6276  123734.5052  -62287.8777   77.6886114  34.62785299  -112.316464
   2900   .040281   -106917.003  107397.5548  -480.551769  24.85643584  84.84162856  -109.698064
   3000    .04167   -123734.552  62278.93067  61455.62164  -34.6370335  112.3185637  -77.6815302
   3100   .043059   -107392.373  470.1520568  106922.2213  -84.8481972  109.6952498  -24.8470526
   3200   .044448   -62269.9879  -61464.6024  123734.5903  -112.320718  77.67442961   34.6462888
   3300   .045837   -459.789259  -106927.432  107387.2214  -109.692377   24.8377187  84.85465798
   3400   .047226   61473.62125  -123734.635   62261.0139   -77.667395  -34.6554764  112.3228714
   3500   .048615   106932.6717  -107382.078  449.4063066  -24.8282526  -84.8611617  109.6894143
   3600   .050004   123734.6731    -62252.05   -61482.623  34.66459938  -112.324883  77.66028324
   3700   .051393   107376.9177    -439.0492  -106937.868   84.8676909  -109.686553  24.81886233
   3800   .052782   62243.08156  61491.63303  -123734.715  112.3269505  -77.6531713  -34.6737792
   3900   .054171   428.6815227  106943.0668  -107371.748  109.6836016  -24.8094444  -84.8741572
   4000    .05556   -61500.5946  123734.7461  -62234.1515  77.64600852  34.68300972  -112.329018
   4100   .056949   -106948.298  107366.6009  -418.303338  24.80000842  84.88067961  -109.680688
   4200   .058338   -123734.771  62225.15675  61509.61447  -34.6921868  112.3310667  -77.6388799
   4300   .059727   -107361.459  407.9431225  106953.5157   -84.887174  109.6777736  -24.7905996
   4400   .061116   -62216.2155  -61518.6079  123734.8233  -112.333175  77.63181903   34.7013562
   4500   .062505   -397.577261   -106958.72  107356.2976  -109.674909  24.78120559  84.89370304
   4600   .063894   61527.58866  -123734.849  62207.26051  -77.6247085  -34.7105223  112.3352308
   4700   .065283   106963.9427  -107351.183   387.240417   -24.771792  -84.9002045  109.6719965
   4800   .066672   123734.8928  -62198.3019   -61536.591  34.71974572  -112.337308  77.61756203
   4900   .068061   110471.7071  2664.792305  -103927.492  234.0891042  -103.005135  31.42634631
   5000    .06945   68510.80748  63436.03027  -121844.478  377.5883134  -81.5753817  -38.6938504
   5100   .070839    -603.24034  112172.7845  -102142.418  413.1902747  -21.9124791  -82.0727077
   5200   .072228   -65129.6329  115946.7153  -69968.5642   331.630489  48.15923385  -98.9204156
   5300   .073617   -106691.087  121754.6688  14062.84485  163.0841122  78.83350781  -115.749471
   5400   .075006   -126451.753  54991.49867  54383.67513  -11.2480097  136.7506953  -53.1890999
   5500   .076395   -111363.212  -4720.05633  101918.9489  -197.278533   74.7708663  -59.6236091
   5600   .077784   -56758.8966  -56655.3618  128652.2028  -311.712066  84.25426421  41.42163155
   5700   .079173   -274.680023  -107832.962  106482.3802  -344.248403  -11.1884673  49.01944204
   5800   .080562     64537.991  -124414.483  61474.01202  -267.641518   -47.671935  99.44144126
   5900   .081951   107781.1883  -112177.276  -4532.03738   -142.84247  -102.133331  92.46036519
   6000    .08334   128231.6915  -57034.5361  -56480.5624  30.69260769  -120.991397  68.93327344
   6100   .084729   97753.65016   2394.90183  -104290.839  196.8347867  -95.7711131  38.58637623
   6200   .086118   57309.80865  56799.01625  -128535.615  327.1563794  -63.7480549  -20.9643191
   6300   .087507   -1540.37031  107481.8301  -106833.669  364.0902987  -14.1956209  -74.4513062
   6400   .088896   -60426.7545  125097.2576  -60764.4388  320.9289474  53.09572066  -94.0514093
   6500   .090285   -107810.882  104378.5577  -3220.10186  194.2461039  84.84754971  -109.756927
   6600   .091674   -117823.628  61157.33005  60657.20318  19.92530481  114.5292418  -75.3802708
   6700   .093063   -97541.3862  -2489.53222  104242.9075  -170.922447  101.3389484  -32.9815756
   6800   .094452   -60034.6863  -58723.8371  126637.8224  -302.452054  61.41284555  18.67804719
   6900   .095841   -1844.80062  -108133.217  106182.4076  -357.411546   21.8806167  82.18404643
   7000    .09723   62096.54777  -123739.701   62095.1692   -307.28925  -51.9407517  95.24016856
   7100   .098619    105269.375  -106522.624  1029.439623  -177.075315   -87.010104  107.6051258
   7200   .100008   116722.5544  -64924.3714  -64478.1271  19.31584536  -119.827125   70.0672418
   7300   .101397   103413.2592  2353.912789   -104425.23  206.0322532  -109.565609  24.71794089
   7400   .102786   61646.36835  60878.69277  -124509.993  339.5531842  -66.8418005  -24.1559136
   7500   .104175   1186.404646    106352.68  -107963.032  382.1030437  -16.7437879  -77.0949011
   7600   .105564   -63848.2904  125560.8092  -60247.2254  332.0527732  47.42648851  -99.7881467
   7700   .106953   -102181.327  108891.0809  1385.607855  188.3133692  97.06920079  -97.5567167
   7800   .108342   -121041.974  63323.83118  62931.45083  -3.23841641  116.0129993  -73.8662032
   7900   .109731   -103328.831  -1212.65475  105613.1917  -187.849572   109.192818  -25.0537316
   8000    .11112   -61721.7943  -62637.1755  122778.5597  -311.291416  60.62466891  17.98768526
   8100   .112509     3756.9741  -104581.309   109734.522  -359.656585  9.287033956  69.68591343
   8200   .113898   60123.62966  -126053.878  59727.32173  -307.019721  -50.3939847  96.85440865
   8300   .115287   104712.0354  -107043.315  415.5620021   -168.33687  -99.7996828  94.83697218
   8400   .116676    119413.906  -60607.3222  -60268.8033  21.15373554  -113.314606  76.54940758
   8500   .118065   103689.4232  855.6339769  -106016.891   199.082578  -105.523391  28.68612441
   8600   .119454   55642.33178   62568.8986  -122873.814  328.3963248  -62.0315699  -19.4435049
   8700   .120843   -901.045934   105438.638  -108877.266  378.7586802  -8.40714304  -68.8537469
   8800   .122232   -61135.7177  123389.2716  -62365.0539  327.1178451  47.01536329  -100.266752
   8900   .123621   -101596.293  106172.4439  -1239.82836  185.3604874  95.17658747  -99.4707717
   9000    .12501   -120592.989  60611.46444  60326.81063  -1.73296729  111.6371538  -78.2116891
   9100   .126399   -99779.2272  130.3864913  107049.6107  -184.056353  103.4507097   -30.721819
   9200   .127788   -58540.4508  -61915.1877  123554.5257  -317.925945  65.97174002  23.43258134
   9300   .129177   328.9893543  -105908.452  108407.5309  -368.060102  8.118330358  68.61262535
   9400   .130566   57222.98905  -122060.814  63666.63976  -311.976278  -46.0571177  101.2587226
   9500   .131955   103631.3381  -107974.215  -608.565606  -169.758314  -95.0409322   99.6170924
   9600   .133344   118842.5468  -62546.1031  -62315.3116  15.89041674  -115.787641   74.0459813
   9700   .134733   103359.3824   -1215.2045   -108181.11  200.3584129  -105.468406  28.66708366
   9800   .136122   58785.84235  61794.29839  -123702.405  333.4517561  -68.5287929  -26.0385745
   9900   .137511   2111.837659  106140.2333   -108175.81  378.9354391  -8.80968076  -69.3516994
  10000     .1389   -59961.1125  123389.7854  -62310.8047  320.1046924  47.60783273  -99.7417356
  10100   .140289   -103622.439  109125.7367  1806.703611   180.894709  95.33781405  -99.3309042
  10200   .141678   -121353.624  63169.44382  62992.50963  -4.56561218   117.104045  -72.7143641
  10300   .143067   -102260.251   238.796832  107251.3658  -188.807485   104.068983  -30.0294736
  10400   .144456    -59272.163  -61930.6407  123593.0243  -321.843519   65.8415123  23.40021214
  10500   .145845   949.2096482  -107341.719   106974.348  -364.473245  7.730530654  68.32025888
  10600   .147234   60272.33183  -123758.145  61915.53808  -309.859063  -50.7665793  96.61667595
  10700   .148623    104761.486  -108075.694  -803.291368  -172.312056   -95.221059  99.45832836
  10800   .150012   119094.4868  -61864.2838   -61741.218  12.17150354  -116.304859  73.49832586
  10900   .151401   101844.9617  642.3834494  -106416.857  198.5639252  -103.078171  30.98325794
  11000    .15279   57749.85291  61898.51045  -123652.128  329.8139467  -64.9170549  -22.5246667
  11100   .154179   -247.242524  107345.7616  -106970.351  374.5754046  -8.66446611  -69.3018948
  11200   .155568   -60123.5137  123009.7978  -62636.9822  320.2427635  50.22972853  -97.1872243
  11300   .156957   -102764.577   106612.974  -612.796651  183.4434545  93.37995008  -101.310086
  11400   .158346   -118328.207  61827.21427  61758.01395  -5.17925581  114.4108475  -75.3770841
  11500   .159735   -101887.209  14.52970932  107120.4271  -191.019611  103.2416399   -30.782717
  11600   .161124    -59433.795  -61349.5763  124228.0044  -323.689245  64.84205537  22.49861256
  11700   .162513   -349.771234  -106686.621  107629.5032  -367.427184  9.168748816  69.85387828
  11800   .163902   59500.16963  -123043.465  62576.39685  -314.247065  -49.8334157  97.61722626
  11900   .165291   102770.0137  -106964.816  214.3188519  -174.477812   -94.068698  100.6319845
  12000    .16668   118978.1432  -62917.4124   -62902.068  13.62043407  -115.031028  74.74166452
  12100   .168069   103380.4672   -784.52778  -107937.076  199.4282643  -105.118451  28.86885733
  12200   .169458   60054.35838  61386.16986  -124218.349  329.6328093  -65.4306503  -23.1361307
  12300   .170847   -461.179337  106924.0774  -107392.049  374.1112481  -9.71990719  -70.4527302
  12400   .172236   -60258.7899  123980.8955  -61612.0307   319.213814  49.61175084  -97.8725637
  12500   .173625   -103527.146  107780.7944  648.3153696  179.7797858  94.84380538  -99.8675076
  12600   .175014   -119472.595  62936.70411  62975.22678  -8.65019852  115.0585013  -74.6989246
  12700   .176403   -103590.298  421.7182902  107620.9144  -192.252147    104.68729  -29.2629478
  12800   .177792   -58720.7034  -62068.0832  123563.3628  -323.362253  64.78018639  22.53460155
  12900   .179181   1304.117607  -107463.223  106852.8993  -368.031249  8.740631126   69.5211438
  13000    .18057   60650.18991  -124273.292  61292.69771  -314.164613  -50.1136268  97.40435055
  13100   .181959     102973.63   -107418.07  -332.241946  -174.169815  -95.6006736  99.12125593
  13200   .183348   119264.0181  -62018.4404   -62110.824  12.78325602  -114.781102  74.96104441
  13300   .184737   102442.2361  93.60133952  -107152.233  196.5165582   -104.09229  29.82086663
  13400   .186126   58336.94203  62199.18377  -123459.173  328.0514327  -64.9260904  -22.7294527
  13500   .187515   -1216.98935  107288.4914  -107027.603  373.7762731  -8.66297525  -69.4911767
  13600   .188904   -59444.1407  123639.9474   -61899.087  318.8621141  49.63126356  -97.9203718
  13700   .190293   -102747.227  106858.3108  -180.855647  178.6536457  94.99269193  -99.7398445
  13800   .191682   -118688.471  61703.56141  61849.80518  -8.38885606  114.1275105  -75.5993534
  13900   .193071   -102689.764  241.4553346  107533.9184  -192.350595  103.5677305  -30.3083511
  14000    .19446   -58626.5228  -61755.6544  123929.6069  -324.991436  65.03044506  22.88274322
  14100   .195849   63.68541368  -106871.249  107444.8093   -370.24303  8.596526123   69.4724101
  14200   .197238   59461.44997  -123443.976  62068.09268  -314.631206  -49.6153006  97.96998161
  14300   .198627   102934.8163  -107116.973  -124.478525  -174.421278  -94.9506658  99.79246624
  14399 .20000211   119452.3969  -62826.8431  -61904.7111  10.27878737   -114.67134  75.35651331

