12 -1.562242 7.026528 5.089828 81.338573 
13 2.160909 6.866273 5.089952 81.340561 
14 5.304953 4.865913 5.090168 81.344015 
15 7.027317 1.561527 5.090263 81.345518 
16 6.866424 -2.161336 5.090145 81.343643 
17 4.865390 -5.304984 5.089935 81.340280 
18 1.560476 -7.026946 5.089845 81.338851 
19 -2.162632 -6.865751 5.089966 81.340787 
20 -5.306173 -4.864599 5.090177 81.344150 
21 -7.027707 -1.559780 5.090264 81.345540 
22 -6.865878 2.163044 5.090140 81.343555 
23 -4.864057 5.306190 5.089927 81.340150 
24 -1.558710 7.027324 5.089836 81.338701 
25 2.164358 6.865196 5.089959 81.340665 
26 5.307396 4.863255 5.090172 81.344069 
27 7.028100 1.558005 5.090264 81.345539 
28 6.865336 -2.164779 5.090142 81.343597 
29 4.862722 -5.307421 5.089930 81.340210 
30 1.556943 -7.027722 5.089841 81.338774 
31 -2.166083 -6.864658 5.089963 81.340725 
32 -5.308618 -4.861926 5.090174 81.344109 
33 -7.028490 -1.556243 5.090263 81.345530 
34 -6.864790 2.166499 5.090141 81.343568 
35 -4.861387 5.308638 5.089928 81.340167 
36 -1.555176 7.028109 5.089838 81.338728 
37 2.167808 6.864109 5.089960 81.340685 
38 5.309839 4.860589 5.090173 81.344086 
39 7.028881 1.554474 5.090263 81.345530 
40 6.864245 -2.168226 5.090141 81.343575 
41 4.860053 -5.309862 5.089929 81.340185 
42 1.553410 -7.028502 5.089839 81.338750 
43 -2.169533 -6.863566 5.089962 81.340709 
44 -5.311061 -4.859256 5.090174 81.344098 
45 -7.029272 -1.552709 5.090263 81.345531 
46 -6.863700 2.169950 5.090141 81.343568 
47 -4.858718 5.311082 5.089928 81.340173 
48 -1.551643 7.028891 5.089838 81.338738 
49 2.171258 6.863020 5.089961 81.340698 
50 6.871495 4.857921 5.950497 102.932478 
51 11.155422 0.771335 7.906909 146.559172 
52 13.225418 -4.909715 9.975394 186.530341 
53 11.666137 -10.864647 11.272518 208.697654 
54 6.133095 -15.242129 11.617602 213.944772 
55 -2.042330 -16.266619 11.592540 213.726253 
56 -11.060227 -13.066140 12.104806 219.722128 
57 -18.170989 -5.785496 13.484376 234.998839 
58 -21.064709 4.075108 15.171165 253.055619 
59 -18.173648 14.061502 16.248189 263.530618 
60 -9.933926 21.264442 16.596074 266.617546 
61 1.996881 23.382510 16.594115 266.585427 
62 13.024250 19.251407 16.435446 264.014011 
63 20.368979 10.160082 16.095381 258.227581 
64 22.195661 -1.385600 15.725254 251.830274 
65 18.413144 -12.297795 15.656942 250.620067 
66 10.114790 -19.856775 15.757546 252.437447 
67 -0.838014 -22.253866 15.747013 252.508556 
68 -11.558788 -18.853407 15.637399 250.811700 
69 -19.335241 -10.548135 15.574253 249.822125 
70 -22.157434 0.532668 15.672198 251.367665 
71 -19.344543 11.540021 15.927703 255.183207 
72 -11.345607 19.666223 16.054331 256.990764 
73 -0.130892 22.704252 16.054597 256.883210 
74 11.333388 19.727905 16.087820 257.473914 
75 19.814708 11.418173 16.170920 258.875391 
76 23.071998 -0.018926 16.314371 261.206316 
77 20.085855 -11.552389 16.384432 262.350641 
78 11.564596 -20.047590 16.365295 262.032867 
79 -0.263135 -23.144020 16.366351 261.951778 
80 -11.987326 -19.911742 16.434316 262.960358 
81 -20.443683 -11.250411 16.500241 263.945887 
82 -23.347744 0.478700 16.512817 264.138245 
83 -19.977325 12.088438 16.510963 264.109810 
84 -11.155528 20.457556 16.476611 263.582325 
85 0.593455 23.294527 16.477063 263.597548 
86 12.089666 19.876925 16.450717 263.158999 
87 20.273970 11.169089 16.367382 261.793469 
88 23.099209 -0.464270 16.336906 261.290924 
89 19.715427 -11.951675 16.302463 260.714776 
90 11.070379 -20.208167 16.292994 260.553504 
91 -0.494523 -23.035975 16.292647 260.553031 
92 -11.891741 -19.702478 16.272694 260.246705 
93 -20.212322 -11.116977 16.311424 260.847456 
94 -23.157485 0.478577 16.378311 261.896575 
95 -19.880849 11.993202 16.417750 262.511549 
96 -11.248743 20.326842 16.427336 262.655441 
97 0.357777 23.227933 16.426577 262.620922 
98 11.939938 19.937092 16.432434 262.718742 
99 20.374618 11.296059 16.473100 263.378828 
100 23.305114 -0.404635 16.481688 263.518863 
101 19.914506 -12.002981 16.441702 262.868445 
102 11.194229 -20.352140 16.424377 262.582670 
103 -0.521546 -23.222584 16.424988 262.584537 
104 -12.130239 -19.850575 16.449742 262.960390 
105 -20.475219 -11.125983 16.477592 263.393840 
106 -23.255035 0.602226 16.449306 262.949965 
107 -19.806114 12.149060 16.429879 262.645012 
108 -11.099123 20.424452 16.436982 262.754583 
109 0.568123 23.237656 16.436414 262.741800 
110 12.083628 19.840339 16.426398 262.577198 
111 20.336580 11.140423 16.396425 262.089806 
112 23.123052 -0.520400 16.354607 261.407495 
113 19.766147 -12.012206 16.355330 261.419251 
114 11.139896 -20.285949 16.364856 261.576807 
115 -0.488947 -23.138095 16.364756 261.576176 
116 -12.010690 -19.793705 16.371430 261.680592 
117 -20.316506 -11.136506 16.382646 261.858089 
118 -23.204369 0.513756 16.411988 262.320466 
119 -19.892557 12.047110 16.444553 262.832322 
120 -11.239850 20.379381 16.456814 263.022206 
121 0.469007 23.268987 16.457001 263.027160 
122 12.055472 19.917031 16.462419 263.116321 
123 20.410871 11.220919 16.469861 263.236456 
124 23.284093 -0.487835 16.467954 263.205743 
125 19.910111 -12.064524 16.461550 263.102527 
126 11.165366 -20.403240 16.446240 262.851786 
127 -0.578148 -23.252407 16.447016 262.858815 
128 -12.152374 -19.848101 16.456417 263.005874 
129 -20.444067 -11.112773 16.453777 262.964293 
130 -23.260144 0.598090 16.452842 262.949517 
131 -19.835185 12.148033 16.447025 262.857345 
132 -11.097063 20.438097 16.444765 262.821681 
133 0.601001 23.248443 16.444624 262.818747 
134 12.106601 19.833241 16.430570 262.590266 
135 20.373075 11.122790 16.413084 262.308399 
136 23.194396 -0.553918 16.405591 262.187538 
137 19.807204 -12.076906 16.403917 262.160451 
138 11.108677 -20.362509 16.401745 262.125118 
139 -0.550428 -23.188788 16.401568 262.122978 
140 -12.065831 -19.806865 16.399637 262.092436 
141 -20.371953 -11.120333 16.411555 262.281365 
142 -23.234440 0.555486 16.433925 262.636648 
143 -19.858119 12.098285 16.442527 262.772980 
144 -11.155989 20.406481 16.445069 262.812929 
145 0.513431 23.250526 16.444612 262.803603 
