63.622850 0.708644 0.602348 0.814941 
63.624400 0.708641 0.602344 0.814937 
63.627100 0.708634 0.602339 0.814929 
63.628287 0.708631 0.602337 0.814926 
63.626812 0.708635 0.602340 0.814930 
63.624187 0.708641 0.602345 0.814937 
63.623063 0.708644 0.602347 0.814940 
63.624575 0.708640 0.602344 0.814936 
63.627212 0.708634 0.602339 0.814929 
63.628300 0.708631 0.602337 0.814926 
63.626750 0.708635 0.602340 0.814930 
63.624088 0.708641 0.602345 0.814938 
63.622950 0.708644 0.602347 0.814941 
63.624488 0.708640 0.602344 0.814936 
63.627150 0.708634 0.602339 0.814929 
63.628300 0.708631 0.602337 0.814926 
63.626775 0.708635 0.602340 0.814930 
63.624125 0.708641 0.602345 0.814937 
63.623012 0.708644 0.602347 0.814940 
63.624538 0.708640 0.602344 0.814936 
63.627175 0.708634 0.602339 0.814929 
63.628287 0.708631 0.602337 0.814926 
63.626762 0.708635 0.602340 0.814930 
63.624100 0.708641 0.602345 0.814937 
63.622975 0.708644 0.602347 0.814941 
63.624500 0.708640 0.602344 0.814936 
63.627162 0.708634 0.602339 0.814929 
63.628287 0.708631 0.602337 0.814926 
63.626762 0.708635 0.602340 0.814930 
63.624112 0.708641 0.602345 0.814937 
63.622987 0.708644 0.602347 0.814940 
63.624525 0.708640 0.602344 0.814936 
63.627175 0.708634 0.602339 0.814929 
63.628287 0.708631 0.602337 0.814926 
63.626762 0.708635 0.602340 0.814930 
63.624100 0.708641 0.602345 0.814937 
63.622975 0.708644 0.602347 0.814941 
63.624512 0.708640 0.602344 0.814936 
74.357075 0.686223 0.583290 0.789157 
98.731763 0.649352 0.551949 0.746755 
124.478588 0.622439 0.529073 0.715804 
140.573163 0.609326 0.517927 0.700725 
144.814000 0.606218 0.515285 0.697151 
144.522638 0.606428 0.515463 0.697392 
151.029338 0.601887 0.511604 0.692170 
168.461475 0.590962 0.502317 0.679606 
189.627213 0.579638 0.492693 0.666584 
203.148937 0.573281 0.487289 0.659273 
207.493650 0.571360 0.485656 0.657064 
207.461050 0.571375 0.485668 0.657081 
205.511225 0.572230 0.486395 0.658064 
201.335800 0.574099 0.487984 0.660214 
196.818887 0.576182 0.489755 0.662609 
195.999025 0.576567 0.490082 0.663052 
197.281050 0.575966 0.489571 0.662361 
197.145537 0.576029 0.489625 0.662433 
195.858563 0.576633 0.490138 0.663128 
195.107500 0.576988 0.490440 0.663537 
196.320462 0.576416 0.489953 0.662878 
199.444012 0.574963 0.488719 0.661208 
200.992538 0.574255 0.488117 0.660393 
200.991250 0.574255 0.488117 0.660394 
201.415500 0.574063 0.487953 0.660172 
202.407263 0.573614 0.487572 0.659656 
204.067713 0.572870 0.486939 0.658800 
204.953813 0.572476 0.486605 0.658348 
204.682113 0.572597 0.486707 0.658486 
204.703575 0.572587 0.486699 0.658475 
205.508675 0.572231 0.486396 0.658065 
206.223425 0.571916 0.486129 0.657703 
206.430325 0.571825 0.486051 0.657599 
206.409100 0.571835 0.486059 0.657610 
206.024212 0.572004 0.486203 0.657804 
206.028875 0.572002 0.486201 0.657802 
205.693888 0.572149 0.486327 0.657971 
204.791063 0.572548 0.486666 0.658431 
204.482850 0.572685 0.486782 0.658588 
204.094337 0.572858 0.486929 0.658787 
203.964100 0.572916 0.486979 0.658853 
203.960637 0.572918 0.486980 0.658855 
203.778625 0.572999 0.487049 0.658949 
204.315425 0.572760 0.486846 0.658673 
205.089850 0.572416 0.486553 0.658278 
205.479975 0.572243 0.486407 0.658080 
205.542862 0.572216 0.486383 0.658048 
205.532388 0.572220 0.486387 0.658053 
205.593275 0.572193 0.486364 0.658022 
206.001775 0.572013 0.486211 0.657815 
206.018063 0.572006 0.486205 0.657807 
205.465700 0.572250 0.486412 0.658087 
205.268663 0.572337 0.486486 0.658187 
205.275450 0.572334 0.486484 0.658184 
205.504812 0.572232 0.486398 0.658067 
205.822637 0.572092 0.486278 0.657906 
205.492138 0.572238 0.486402 0.658074 
205.326075 0.572311 0.486465 0.658158 
205.437750 0.572262 0.486423 0.658101 
205.428150 0.572266 0.486426 0.658106 
205.341625 0.572305 0.486459 0.658150 
205.046938 0.572435 0.486570 0.658300 
204.645150 0.572613 0.486721 0.658505 
204.656000 0.572608 0.486717 0.658499 
204.768312 0.572558 0.486675 0.658442 
204.769713 0.572558 0.486674 0.658441 
204.876125 0.572511 0.486634 0.658387 
205.025650 0.572444 0.486578 0.658311 
205.297850 0.572324 0.486475 0.658172 
205.642850 0.572172 0.486346 0.657997 
205.738362 0.572129 0.486310 0.657949 
205.741650 0.572128 0.486309 0.657947 
205.783212 0.572110 0.486293 0.657926 
205.768550 0.572116 0.486299 0.657934 
205.725775 0.572135 0.486315 0.657955 
205.644862 0.572171 0.486345 0.657996 
205.483725 0.572242 0.486406 0.658078 
205.492600 0.572238 0.486402 0.658074 
205.552213 0.572212 0.486380 0.658043 
205.525688 0.572223 0.486390 0.658057 
205.581337 0.572199 0.486369 0.658028 
205.574875 0.572202 0.486371 0.658032 
205.561400 0.572207 0.486376 0.658039 
205.559175 0.572208 0.486377 0.658040 
205.418487 0.572271 0.486430 0.658111 
205.290288 0.572327 0.486478 0.658176 
205.259425 0.572341 0.486490 0.658192 
205.231800 0.572353 0.486500 0.658206 
205.182388 0.572375 0.486519 0.658231 
205.181725 0.572375 0.486519 0.658232 
205.186475 0.572373 0.486517 0.658229 
205.318575 0.572315 0.486468 0.658162 
205.522387 0.572225 0.486391 0.658058 
205.559013 0.572209 0.486377 0.658040 
205.570050 0.572204 0.486373 0.658034 
205.563763 0.572206 0.486375 0.658037 
