      0       0.0   123733.8624  -62413.2135  -61320.6489  34.49781182  -112.287087  77.78927498
    100   .001389   107469.5083  -625.619645  -106843.889  84.74960685  -109.738468  24.98886127
    200   .002778   62404.33904   61329.5447  -123733.884  112.2885646  -77.7808904  -34.5076742
    300   .004167   615.2615619  106849.1165  -107464.378    109.73495  -24.9785584  -84.7563916
    400   .005556   -61338.6313  123733.9554  -62395.3241  77.77338715  34.51745511  -112.290842
    500   .006945   -106854.393  107459.1686  -604.775438  24.96868206  84.76379441  -109.732476
    600   .008334   -123734.036  62386.37075  61347.66556  -34.5273322  112.2936667  -77.7663344
    700   .009723   -107454.076  594.4962632  106859.5794   -84.770544  109.7302141  -24.9596701
    800   .011112   -62377.4268  -61356.6199  123734.0467  -112.296278  77.75988675  34.53639084
    900   .012501   -584.161514  -106864.846  107449.0077  -109.727498  24.95072663  84.77677147
   1000    .01389   61365.59769   -123734.14  62368.54269  -77.7528857  -34.5451273   112.298013
   1100   .015279   106870.0056  -107443.814  573.8081474  -24.9415387  -84.7828561  109.7243948
   1200   .016668   123734.1367  -62359.4613  -61374.6753  34.55400509  -112.299672  77.74566714
   1300   .018057   107438.6621  -563.472677  -106875.189  84.78937697  -109.721295  24.93191817
   1400   .019446   62350.57169  61383.64775  -123734.219  112.3016342  -77.7382657  -34.5633685
   1500   .020835   553.0717702  106880.4229  -107433.495  109.7182702  -24.9223201  -84.7959501
   1600   .022224   -61392.6236  123734.2848  -62341.6612  77.73116508  34.57276209  -112.303927
   1700   .023613   -106885.714  107428.4357  -542.722237  24.91274047   84.8025825  -109.715323
   1800   .025002   -123734.313  62332.65292  61401.65986  -34.5820181  112.3061879  -77.7241698
   1900   .026391   -107423.254   532.365322  106890.8891  -84.8092587  109.7127093  -24.9034506
   2000    .02778   -62323.7172  -61410.6407  123734.3579  -112.308365   77.7172597  34.59110536
   2100   .029169   -521.976218  -106896.124  107418.1003  -109.709837  24.89406874  84.81576861
   2200   .030558   61419.61814   -123734.36  62314.74199  -77.7101243  -34.6002027   112.310327
   2300   .031947   106901.3461  -107412.954  511.6077799  -24.8847772  -84.8221109  109.7068881
   2400   .033336    123734.425  -62305.7543  -61428.6707  34.60944335  -112.312352  77.70290829
   2500   .034725   107407.7965  -501.200652  -106906.596  84.82855919  -109.703899  24.87534027
   2600   .036114   62296.83593  61437.62581  -123734.462  112.3144057   -77.695791  -34.6186148
   2700   .037503   490.8578208  106911.8291  -107402.687  109.7009958  -24.8658963  -84.8350996
   2800   .038892   -61446.6276  123734.5052  -62287.8777   77.6886114  34.62785299  -112.316464
   2900   .040281   -106917.003  107397.5548  -480.551769  24.85643584  84.84162856  -109.698064
   3000    .04167   -123734.552  62278.93067  61455.62164  -34.6370335  112.3185637  -77.6815302
   3100   .043059   -107392.373  470.1520568  106922.2213  -84.8481972  109.6952498  -24.8470526
   3200   .044448   -62269.9879  -61464.6024  123734.5903  -112.320718  77.67442961   34.6462888
   3300   .045837   -459.789259  -106927.432  107387.2214  -109.692377   24.8377187  84.85465798
   3400   .047226   61473.62125  -123734.635   62261.0139   -77.667395  -34.6554764  112.3228714
   3500   .048615   106932.6717  -107382.078  449.4063066  -24.8282526  -84.8611617  109.6894143
   3600   .050004   123734.6731    -62252.05   -61482.623  34.66459938  -112.324883  77.66028324
   3700   .051393   107376.9177    -439.0492  -106937.868   84.8676909  -109.686553  24.81886233
   3800   .052782   62243.08156  61491.63303  -123734.715  112.3269505  -77.6531713  -34.6737792
   3900   .054171   428.6815227  106943.0668  -107371.748  109.6836016  -24.8094444  -84.8741572
   4000    .05556   -61500.5946  123734.7461  -62234.1515  77.64600852  34.68300972  -112.329018
   4100   .056949   -106948.298  107366.6009  -418.303338  24.80000842  84.88067961  -109.680688
   4200   .058338   -123734.771  62225.15675  61509.61447  -34.6921868  112.3310667  -77.6388799
   4300   .059727   -107361.459  407.9431225  106953.5157   -84.887174  109.6777736  -24.7905996
   4400   .061116   -62216.2155  -61518.6079  123734.8233  -112.333175  77.63181903   34.7013562
   4500   .062505   -397.577261   -106958.72  107356.2976  -109.674909  24.78120559  84.89370304
   4600   .063894   61527.58866  -123734.849  62207.26051  -77.6247085  -34.7105223  112.3352308
   4700   .065283   106963.9427  -107351.183   387.240417   -24.771792  -84.9002045  109.6719965
   4800   .066672   123734.8928  -62198.3019   -61536.591  34.71974572  -112.337308  77.61756203
   4900   .068061   110479.0084  2668.234261   -103924.05  234.4098006  -102.951387  31.48009467
   5000    .06945   68203.01059  63302.14643  -121978.362  378.4591059  -81.2996221  -38.4180908
   5100   .070839   -554.922437  112410.8831   -101904.32  414.4854894  -21.7857277  -81.9459564
   5200   .072228    -65221.625  115889.2938  -70025.9857  333.4105784  48.10381361  -98.9758359
   5300   .073617   -106205.912  121882.7813  14190.95736  165.0057493  79.38288559  -115.200093
   5400   .075006   -126306.752  54725.82747  54118.00393  -9.06071601  136.5578089  -53.3819863
   5500   .076395   -110875.951    -4467.014  102171.9912  -195.940449  74.37881592  -60.0156595
   5600   .077784   -56714.8971  -56253.7215  129053.8432  -309.803862  84.80251706   41.9698844
   5700   .079173   -677.708928  -107482.833  106832.5091  -343.192201  -11.2359339  48.97197538
   5800   .080562   63451.50629  -124341.277  61547.21823  -266.384084   -47.775227  99.33814929
   5900   .081951   107663.5239  -111474.689  -3829.45009  -142.309493  -102.754795  91.83890132
   6000    .08334    128049.191  -56732.8278  -56178.8541   31.6220135  -120.678419  69.24625089
   6100   .084729   98210.67146  1668.015267  -105017.726  196.4058319  -95.4315808  38.92590849
   6200   .086118   58385.43329  55939.89627  -129394.735  327.0601136  -64.6047639  -21.8210281
   6300   .087507   180.8624842    107427.27  -106888.229  364.2008522  -14.0285776  -74.2842629
   6400   .088896   -60664.8575  124891.3254  -60970.3709  322.2821538  53.46079783  -93.6863321
   6500   .090285   -108500.821  104483.3816  -3115.27793  195.4427302  84.53082112  -110.073655
   6600   .091674    -119298.03  61405.48416  60905.35729  22.64883404  114.2718902  -75.6376225
   6700   .093063   -97588.9839  -1760.21664  104972.2231  -167.761495  100.8758318  -33.4446922
   6800   .094452   -61523.1978  -58664.1713  126697.4882  -300.055754  61.70175002  18.96695166
   6900   .095841   -1231.74369  -108965.018  105350.6066  -356.477473   21.8983569  82.20178662
   7000    .09723   62656.16258  -124473.643  61361.22703  -306.844713  -52.1519465  95.02897384
   7100   .098619   106902.9908  -107073.395  478.6684278  -177.091489   -86.688218  107.9270118
   7200   .100008   116029.1346  -64978.8724  -64532.6281  18.34986101  -120.282674  69.61169329
   7300   .101397   103659.2136  2454.342424    -104324.8  205.4780975  -109.032746  25.25080439
   7400   .102786   61033.69709  60907.44547  -124481.241  340.0766588  -66.9462168  -24.2603298
   7500   .104175   1375.205601  106865.4696  -107450.242  383.6528656    -17.35933  -77.7104432
   7600   .105564   -65062.2367  126245.8068  -59562.2278  333.2494841   47.7687837  -99.4458515
   7700   .106953   -101594.357  108692.1773  1186.704186  190.2583332   97.5638706  -97.0620469
   7800   .108342   -121047.824  62758.42354  62366.04319  -1.76067327  116.3212134  -73.5579891
   7900   .109731   -102754.252  -1448.21129  105377.6352  -185.733428  108.8056343  -25.4409152
   8000    .11112   -62902.4514  -61974.0756  123441.6595  -310.265747  60.51097691  17.87399326
   8100   .112509    3789.32382  -104592.625  109723.2067  -358.183139  10.05811096  70.45699044
   8200   .113898   59915.51736  -126205.694   59575.5056  -306.550859  -51.0159335  96.23245984
   8300   .115287    105322.819  -106713.498  745.3792491  -167.395353  -100.191796  94.44485851
   8400   .116676   119227.8619  -60225.0161  -59886.4972  20.80902219  -112.846342  77.01767221
   8500   .118065   104561.3381  590.9047236   -106281.62   198.618089  -105.198471  29.01104375
   8600   .119454   56245.87246  62054.21119  -123388.501  327.1850841  -61.7163967  -19.1283317
   8700   .120843   -654.079175  105373.3847  -108942.519  379.5194828  -8.89875379  -69.3453577
   8800   .122232   -62115.8912  123947.9946   -61806.331  327.7898574  46.92879684  -100.353319
   8900   .123621   -102200.816  106381.2546  -1031.01761  187.5884805  94.91264275  -99.7347164
   9000    .12501    -120861.58  60796.75789  60512.10407  .3805674029  111.0097478   -78.839095
   9100   .126399   -99784.2116  81.96597987  107001.1901  -180.506202  103.2061415  -30.9663871
   9200   .127788   -58503.3681  -61917.4235  123552.2899  -316.261619  65.72981624  23.19065757
   9300   .129177   1011.806281  -106056.539  108259.4438   -367.25496  8.522028502  69.01632349
   9400   .130566   58096.93066  -122833.401  62894.05315  -312.799295  -45.3019837  102.0138566
   9500   .131955   103869.1435  -108432.142    -1066.493  -170.082372  -95.3132437  99.34478086
   9600   .133344    118637.298  -62175.2066   -61944.415  14.67751018  -115.955516   73.8781066
   9700   .134733   102604.2733  -667.219662  -107633.125  200.1644657  -105.707429  28.42806071
   9800   .136122   58585.96636  61994.19503  -123502.508   333.492598   -68.608529  -26.1183106
   9900   .137511    1684.38696  106139.6886  -108176.355  380.6841809  -9.38662615  -69.9286448
  10000     .1389   -59708.8222  123773.1744  -61927.4157  321.4618627     47.22354  -100.126028
  10100   .140289   -103676.828  109115.4028  1796.369752  182.7224919  96.15773656  -98.5109817
  10200   .141678   -120650.433  62311.50403  62134.56984  -3.45120587  117.6221763  -72.1962328
  10300   .143067   -102065.347  -171.172985   106841.396  -186.956741  103.9801732  -30.1182833
  10400   .144456   -59136.4537  -61803.5758  123720.0893  -320.560737  65.91637601  23.47507584
  10500   .145845    50.8198271  -107058.971   107257.096  -363.417989  7.718978081  68.30870631
  10600   .147234   60328.92387  -123710.255  61963.42815  -309.709572  -50.7987434  96.58451181
  10700   .148623   104551.0665  -107904.086  -631.683116  -172.101241  -95.7071872   98.9722002
  10800   .150012   119445.0546  -61560.1472  -61437.0815  11.61115743  -116.338648  73.46453677
  10900   .151401    101462.968   639.483556  -106419.757  197.5555498   -102.67589  31.38553909
  11000    .15279   58522.75715  61552.02174  -123998.617   328.859679  -64.8481449  -22.4557567
  11100   .154179     -239.6276  107113.0268  -107203.085  375.0122489  -8.57245435   -69.209883
  11200   .155568   -60103.3978  122913.7833  -62732.9968  321.5765669  49.89286362  -97.5240892
  11300   .156957   -103671.363  106932.4492  -293.321409  185.4085345  93.00449467  -101.685542
  11400   .158346   -118137.957  61956.92905  61887.72873  -2.81884427  114.3596173  -75.4283143
  11500   .159735   -102057.437  .2325632942    107106.13  -188.702036  103.0665425  -30.9578144
  11600   .161124   -59116.1884   -61347.265  124230.3157  -322.295372  64.88111975  22.53767694
  11700   .162513     -476.2221  -106555.965  107760.1592  -367.397673  9.430520541     70.11565
  11800   .163902   60157.38385  -123189.517   62430.3451  -314.874028  -49.3513001  98.09934188
  11900   .165291    102716.457  -107316.526  -137.390705  -175.547863  -93.8885875  100.8120949
  12000    .16668   119010.8617  -62894.2623  -62878.9179  12.88756432   -115.63389  74.13880288
  12100   .168069   102727.5625  -331.844363  -107484.392  198.9752109  -105.438489  28.54881917
  12200   .169458   60090.73464  61481.09831   -124123.42  330.0113489  -65.6049436  -23.3104241
  12300   .170847   -614.471192  106858.8198  -107457.306  374.7534737  -10.0130016  -70.7458245
  12400   .172236   -59920.8451  123992.8467  -61600.0795  320.5613871  49.56901058  -97.9153039
  12500   .173625   -103559.166  107831.5976   699.118553  181.0905413  95.20108626  -99.5102267
  12600   .175014   -119138.252  62665.59105  62704.11372  -7.23131111  115.6709381  -74.0864878
  12700   .176403   -103525.658  81.39421312  107280.5904  -191.145121  104.8768374  -29.0734004
  12800   .177792   -58713.7154   -62040.008   123591.438  -321.887963  64.57920956  22.33362472
  12900   .179181   874.1993612  -107251.918  107064.2039  -367.270747   8.62341536  69.40392803
  13000    .18057   60534.06817   -124134.16  61431.82981  -313.949159   -50.433022  97.08495536
  13100   .181959   103020.8237   -107326.47  -240.642068  -174.905917  -95.7926382  98.92929135
  13200   .183348   119472.6826   -62015.667  -62108.0506  12.14838613  -114.881172  74.86097419
  13300   .184737   102457.0871  100.9878249  -107144.846  195.3217446  -104.023531  29.88962556
  13400   .186126    58510.0238  62098.28486  -123560.072  327.3103557  -64.6587949  -22.4621572
  13500   .187515   -1109.84351  107065.3351  -107250.759  373.7371728   -8.5536081  -69.3818095
  13600   .188904   -59539.4917  123522.2107  -62016.8237  320.2954371  49.49760787  -98.0540275
  13700   .190293   -102992.546   106962.256  -76.9104357  180.4757177  94.72573231  -100.006804
  13800   .191682   -118885.135  61942.34349  62088.58725  -6.23126005  113.9703808  -75.7564831
  13900   .193071   -102615.547   280.816087  107573.2791    -190.6419  103.6901005   -30.185981
  14000    .19446   -58583.3231  -61786.9046  123898.3567  -323.729347  65.01126383  22.86356198
  14100   .195849   222.4335363  -106773.119  107542.9397  -370.304926  8.755207779  69.63109175
  14200   .197238   59475.30127  -123440.575  62071.49406  -315.315132  -49.3046897  98.28059257
  14300   .198627    103069.126  -107316.576  -324.081026  -175.624713  -94.8730925  99.87003959
  14399 .20000211    119331.554  -62882.1146  -61959.9825  9.421499708  -114.958372  75.06948119

