0.000000 4.850000 5.577500 4.122500 
0.010000 4.850485 5.578058 4.122912 
0.020000 4.851941 5.579732 4.124150 
0.030000 4.854369 5.582524 4.126214 
0.040000 4.857772 5.586438 4.129107 
0.050000 4.862155 5.591479 4.132832 
0.060000 4.867523 5.597652 4.137395 
0.070000 4.873882 5.604964 4.142800 
0.080000 4.881240 5.613426 4.149054 
0.090000 4.889606 5.623047 4.156165 
0.100000 4.898990 5.633838 4.164141 
0.110000 4.909404 5.645814 4.172993 
0.120000 4.920860 5.658989 4.182731 
0.130000 4.933374 5.673380 4.193368 
0.140000 4.946960 5.689004 4.204916 
0.150000 4.961637 5.705882 4.217391 
0.160000 4.977422 5.724035 4.230809 
0.170000 4.994336 5.743487 4.245186 
0.180000 5.012402 5.764262 4.260542 
0.190000 5.031642 5.786389 4.276896 
0.200000 5.052083 5.809896 4.294271 
0.210000 5.073752 5.834815 4.312690 
0.220000 5.096679 5.861181 4.332177 
0.230000 5.120895 5.889030 4.352761 
0.240000 5.146435 5.918400 4.374469 
0.250000 5.173333 5.949333 4.397333 
0.260000 5.201630 5.981875 4.421386 
0.270000 5.231367 6.016072 4.446662 
0.280000 5.262587 6.051975 4.473199 
0.290000 5.295338 6.089639 4.501037 
0.300000 5.329670 6.129121 4.530220 
0.310000 5.365638 6.170483 4.560792 
0.320000 5.403298 6.213792 4.592803 
0.330000 5.442711 6.259118 4.626305 
0.340000 5.483944 6.306536 4.661352 
0.350000 5.527066 6.356125 4.698006 
0.360000 5.572151 6.407973 4.736328 
0.370000 5.619279 6.462171 4.776387 
0.380000 5.668537 6.518817 4.818256 
0.390000 5.720014 6.578016 4.862012 
0.400000 5.773810 6.639881 4.907738 
0.410000 5.830028 6.704532 4.955524 
0.420000 5.888781 6.772098 5.005464 
0.430000 5.950190 6.842719 5.057662 
0.440000 6.014385 6.916543 5.112227 
0.450000 6.081505 6.993730 5.169279 
0.460000 6.151700 7.074455 5.228945 
0.470000 6.225132 7.158901 5.291362 
0.480000 6.301975 7.247271 5.356679 
0.490000 6.382419 7.339782 5.425056 
0.500000 6.466667 7.436667 5.496667 
0.510000 6.554940 7.538181 5.571699 
0.520000 6.647478 7.644600 5.650356 
0.530000 6.744542 7.756223 5.732861 
0.540000 6.846414 7.873377 5.819452 
0.550000 6.953405 7.996416 5.910394 
0.560000 7.065851 8.125728 6.005973 
0.570000 7.184121 8.261739 6.106503 
0.580000 7.308620 8.404913 6.212327 
0.590000 7.439791 8.555760 6.323823 
0.600000 7.578125 8.714844 6.441406 
0.610000 7.724160 8.882784 6.565536 
0.620000 7.878493 9.060266 6.696719 
0.630000 8.041784 9.248052 6.835516 
0.640000 8.214770 9.446985 6.982554 
0.650000 8.398268 9.658009 7.138528 
0.660000 8.593196 9.882176 7.304217 
0.670000 8.800581 10.120668 7.480494 
0.680000 9.021577 10.374814 7.668341 
0.690000 9.257492 10.646116 7.868868 
0.700000 9.509804 10.936275 8.083333 
0.710000 9.780198 11.247227 8.313168 
0.720000 10.070598 11.581188 8.560008 
0.730000 10.383216 11.940698 8.825733 
0.740000 10.720601 12.328691 9.112511 
0.750000 11.085714 12.748571 9.422857 
0.760000 11.482008 13.204309 9.759706 
0.770000 11.913535 13.700565 10.126505 
0.780000 12.385087 14.242850 10.527324 
0.790000 12.902368 14.837723 10.967013 
0.800000 13.472222 15.493056 11.451389 
0.810000 14.102937 16.218377 11.987496 
0.820000 14.804640 17.025336 12.583944 
0.830000 15.589842 17.928319 13.251366 
0.840000 16.474185 18.945312 14.003057 
0.850000 17.477477 20.099099 14.855856 
0.860000 18.625192 21.418971 15.831413 
0.870000 19.950638 22.943233 16.958042 
0.880000 21.498227 24.722961 18.273493 
0.890000 23.328523 26.827802 19.829245 
0.900000 25.526316 29.355263 21.697368 
0.910000 28.214078 32.446190 23.981966 
0.920000 31.575521 36.311849 26.839193 
0.930000 35.899334 41.284234 30.514434 
0.940000 41.666667 47.916667 35.416667 
0.950000 49.743590 57.205128 42.282051 
0.960000 61.862245 71.141582 52.582908 
0.970000 82.064298 94.373942 69.754653 
0.980000 122.474747 140.845960 104.103535 
0.990000 243.718593 280.276382 207.160804 
