12 -1.562242 7.026528 5.089828 81.338573 
13 2.160909 6.866273 5.089952 81.340561 
14 5.304953 4.865913 5.090168 81.344015 
15 7.027317 1.561527 5.090263 81.345518 
16 6.866424 -2.161336 5.090145 81.343643 
17 4.865390 -5.304984 5.089935 81.340280 
18 1.560476 -7.026946 5.089845 81.338851 
19 -2.162632 -6.865751 5.089966 81.340787 
20 -5.306173 -4.864599 5.090177 81.344150 
21 -7.027707 -1.559780 5.090264 81.345540 
22 -6.865878 2.163044 5.090140 81.343555 
23 -4.864057 5.306190 5.089927 81.340150 
24 -1.558710 7.027324 5.089836 81.338701 
25 2.164358 6.865196 5.089959 81.340665 
26 5.307396 4.863255 5.090172 81.344069 
27 7.028100 1.558005 5.090264 81.345539 
28 6.865336 -2.164779 5.090142 81.343597 
29 4.862722 -5.307421 5.089930 81.340210 
30 1.556943 -7.027722 5.089841 81.338774 
31 -2.166083 -6.864658 5.089963 81.340725 
32 -5.308618 -4.861926 5.090174 81.344109 
33 -7.028490 -1.556243 5.090263 81.345530 
34 -6.864790 2.166499 5.090141 81.343568 
35 -4.861387 5.308638 5.089928 81.340167 
36 -1.555176 7.028109 5.089838 81.338728 
37 2.167808 6.864109 5.089960 81.340685 
38 5.309839 4.860589 5.090173 81.344086 
39 7.028881 1.554474 5.090263 81.345530 
40 6.864245 -2.168226 5.090141 81.343575 
41 4.860053 -5.309862 5.089929 81.340185 
42 1.553410 -7.028502 5.089839 81.338750 
43 -2.169533 -6.863566 5.089962 81.340709 
44 -5.311061 -4.859256 5.090174 81.344098 
45 -7.029272 -1.552709 5.090263 81.345531 
46 -6.863700 2.169950 5.090141 81.343568 
47 -4.858718 5.311082 5.089928 81.340173 
48 -1.551643 7.028891 5.089838 81.338738 
49 2.171258 6.863020 5.089961 81.340698 
50 6.868150 4.857921 5.948566 102.871641 
51 11.143444 0.773008 7.898541 146.329105 
52 13.202373 -4.902278 9.958287 186.109778 
53 11.631332 -10.846683 11.245853 208.084933 
54 6.091894 -15.209170 11.585120 213.223955 
55 -2.084343 -16.217474 11.561811 213.013386 
56 -11.085995 -13.002573 12.082347 219.128847 
57 -18.181423 -5.717561 13.476918 234.654904 
58 -21.050793 4.139158 15.170177 252.855932 
59 -18.142685 14.110012 16.251915 263.445101 
60 -9.888415 21.290972 16.599492 266.556777 
61 2.039867 23.382730 16.596884 266.515596 
62 13.069405 19.230105 16.440898 263.993842 
63 20.407519 10.119057 16.106864 258.323335 
64 22.220880 -1.440399 15.745511 252.092392 
65 18.412037 -12.357862 15.679922 250.935499 
66 10.091359 -19.908241 15.782484 252.777672 
67 -0.889632 -22.286722 15.771643 252.822256 
68 -11.638929 -18.856052 15.668685 251.217830 
69 -19.411059 -10.510355 15.608600 250.272786 
70 -22.202930 0.603295 15.705637 251.805755 
71 -19.340152 11.623934 15.955521 255.549793 
72 -11.294121 19.736698 16.079403 257.329241 
73 -0.031299 22.739542 16.079300 257.237103 
74 11.438589 19.708671 16.113240 257.836589 
75 19.889734 11.348915 16.192581 259.168791 
76 23.087333 -0.116418 16.325417 261.320770 
77 20.052021 -11.644488 16.396305 262.476379 
78 11.481442 -20.110433 16.374569 262.115841 
79 -0.353578 -23.156866 16.376286 262.054390 
80 -12.061179 -19.877646 16.440694 263.018222 
81 -20.476298 -11.183957 16.497874 263.876253 
82 -23.348387 0.552558 16.514426 264.130329 
83 -19.941206 12.152723 16.512728 264.104208 
84 -11.102094 20.495170 16.481937 263.627582 
85 0.652058 23.300385 16.482310 263.639338 
86 12.142411 19.852696 16.455511 263.194001 
87 20.325626 11.121734 16.383285 262.011572 
88 23.128496 -0.531109 16.358628 261.606602 
89 19.712843 -12.024202 16.327547 261.087982 
90 11.028925 -20.269686 16.317128 260.911830 
91 -0.567813 -23.068525 16.316851 260.910635 
92 -11.986442 -19.694023 16.302290 260.685250 
93 -20.296768 -11.062303 16.345234 261.351639 
94 -23.196311 0.568149 16.407188 262.324788 
95 -19.856214 12.090187 16.438398 262.811660 
96 -11.165717 20.398516 16.443429 262.887841 
97 0.474571 23.248491 16.442591 262.856937 
98 12.048542 19.896499 16.447462 262.937707 
99 20.435318 11.206602 16.480142 263.467389 
100 23.302649 -0.512457 16.481445 263.488568 
101 19.851315 -12.095125 16.437256 262.769804 
102 11.097606 -20.400343 16.421493 262.510321 
103 -0.618905 -23.216018 16.422036 262.513153 
104 -12.193548 -19.796209 16.440385 262.794183 
105 -20.498884 -11.047246 16.465811 263.191270 
106 -23.238769 0.682247 16.439371 262.774974 
107 -19.762160 12.210227 16.426086 262.566132 
108 -11.036053 20.455447 16.435020 262.704720 
109 0.631436 23.232963 16.434252 262.688168 
110 12.144606 19.804618 16.427330 262.574596 
111 20.381906 11.079000 16.403755 262.191435 
112 23.145276 -0.596258 16.371612 261.668819 
113 19.747708 -12.089013 16.372480 261.682898 
114 11.084092 -20.343246 16.381465 261.830714 
115 -0.578918 -23.159814 16.381577 261.831665 
116 -12.104335 -19.767529 16.390090 261.965341 
117 -20.385676 -11.067014 16.402052 262.154781 
118 -23.218828 0.608522 16.423828 262.498181 
119 -19.849598 12.136410 16.451428 262.932520 
120 -11.144638 20.435238 16.459069 263.051513 
121 0.581191 23.269754 16.459332 263.057433 
122 12.147218 19.861603 16.462657 263.111915 
123 20.448711 11.127044 16.461484 263.092998 
124 23.267785 -0.588053 16.458062 263.037956 
125 19.845735 -12.143161 16.451589 262.933710 
126 11.077121 -20.439153 16.438698 262.722746 
127 -0.662708 -23.239386 16.439408 262.730359 
128 -12.206470 -19.794545 16.444177 262.805266 
129 -20.464975 -11.039344 16.442055 262.771719 
130 -23.249160 0.672136 16.446507 262.842155 
131 -19.797436 12.206667 16.445990 262.833941 
132 -11.038537 20.470001 16.444912 262.816917 
133 0.666616 23.246809 16.444734 262.813413 
134 12.170344 19.799019 16.433479 262.630571 
135 20.422844 11.061282 16.423223 262.465515 
136 23.213849 -0.632071 16.420754 262.425741 
137 19.784080 -12.154314 16.418544 262.390108 
138 11.044613 -20.417985 16.414591 262.326002 
139 -0.641351 -23.204800 16.414538 262.325295 
140 -12.158853 -19.775271 16.414918 262.331309 
141 -20.434502 -11.046461 16.425486 262.499028 
142 -23.243096 0.650736 16.441791 262.758091 
143 -19.808610 12.185102 16.444721 262.804612 
144 -11.064831 20.456912 16.445604 262.818509 
145 0.619912 23.248621 16.445101 262.809352 
