12 -1.548538 6.964892 5.045180 81.338573 
13 2.141953 6.806042 5.045304 81.340561 
14 5.258418 4.823229 5.045518 81.344015 
15 6.965673 1.547830 5.045611 81.345518 
16 6.806193 -2.142377 5.045495 81.343643 
17 4.822711 -5.258449 5.045286 81.340280 
18 1.546787 -6.965306 5.045198 81.338851 
19 -2.143661 -6.805525 5.045318 81.340787 
20 -5.259628 -4.821927 5.045526 81.344150 
21 -6.966060 -1.546098 5.045613 81.345540 
22 -6.805651 2.144070 5.045489 81.343555 
23 -4.821390 5.259645 5.045278 81.340150 
24 -1.545037 6.965681 5.045188 81.338701 
25 2.145373 6.804975 5.045310 81.340665 
26 5.260840 4.820595 5.045521 81.344069 
27 6.966450 1.544338 5.045612 81.345539 
28 6.805113 -2.145789 5.045492 81.343597 
29 4.820066 -5.260865 5.045282 81.340210 
30 1.543285 -6.966076 5.045193 81.338774 
31 -2.147082 -6.804441 5.045314 81.340725 
32 -5.262051 -4.819278 5.045524 81.344109 
33 -6.966836 -1.542592 5.045612 81.345530 
34 -6.804573 2.147495 5.045490 81.343568 
35 -4.818744 5.262071 5.045279 81.340167 
36 -1.541535 6.966459 5.045190 81.338728 
37 2.148792 6.803898 5.045311 81.340685 
38 5.263262 4.817953 5.045522 81.344086 
39 6.967224 1.540838 5.045612 81.345530 
40 6.804033 -2.149207 5.045491 81.343575 
41 4.817421 -5.263284 5.045280 81.340185 
42 1.539784 -6.966848 5.045191 81.338750 
43 -2.150503 -6.803360 5.045313 81.340709 
44 -5.264473 -4.816631 5.045523 81.344098 
45 -6.967611 -1.539089 5.045612 81.345531 
46 -6.803492 2.150916 5.045490 81.343568 
47 -4.816098 5.264494 5.045280 81.340173 
48 -1.538032 6.967234 5.045191 81.338738 
49 2.152212 6.802818 5.045312 81.340698 
50 6.810856 4.815307 5.898091 102.925830 
51 11.056226 0.764750 7.836612 146.533110 
52 13.109809 -4.865820 9.887955 186.536281 
53 11.565982 -10.768828 11.174516 208.721210 
54 6.083074 -15.109070 11.517113 213.977901 
55 -2.021088 -16.126375 11.492275 213.759287 
56 -10.955852 -12.955307 11.997305 219.713361 
57 -18.010457 -5.741699 13.366818 235.026167 
58 -20.882494 4.032771 15.038979 253.081784 
59 -18.026187 13.933729 16.110435 263.608292 
60 -9.864415 21.080057 16.457149 266.716120 
61 1.953415 23.188072 16.454521 266.672979 
62 12.893634 19.104752 16.297812 264.107448 
63 20.190253 10.098383 15.962827 258.355540 
64 22.018366 -1.349670 15.598558 252.002663 
65 18.280098 -12.178031 15.531684 250.808466 
66 10.065486 -19.686534 15.634475 252.681239 
67 -0.799938 -22.081781 15.624419 252.751619 
68 -11.456744 -18.723415 15.521328 251.139159 
69 -19.185435 -10.486581 15.460422 250.175686 
70 -21.998014 0.511072 15.559143 251.745457 
71 -19.211825 11.441609 15.811462 255.546589 
72 -11.277643 19.514636 15.937476 257.362383 
73 -0.129301 22.538992 15.937737 257.269664 
74 11.254048 19.583991 15.971635 257.877228 
75 19.670627 11.333210 16.052651 259.253825 
76 22.892935 -0.020466 16.187756 261.465959 
77 19.932375 -11.464191 16.259263 262.644616 
78 11.466082 -19.894468 16.236701 262.265906 
79 -0.262309 -22.962156 16.237756 262.185350 
80 -11.888522 -19.754656 16.303119 263.166361 
81 -20.267097 -11.163773 16.361312 264.043683 
82 -23.155886 0.465437 16.376991 264.285825 
83 -19.815976 11.981024 16.374032 264.240013 
84 -11.078418 20.283859 16.342678 263.752324 
85 0.566491 23.105546 16.342998 263.763668 
86 11.969353 19.726744 16.315788 263.305886 
87 20.108710 11.099185 16.241184 262.070748 
88 22.927007 -0.442179 16.214857 261.633527 
89 19.582398 -11.846441 16.183456 261.103320 
90 11.006725 -20.050518 16.173609 260.934682 
91 -0.476552 -22.867620 16.173360 260.934502 
92 -11.806270 -19.565664 16.158639 260.705516 
93 -20.078229 -11.041227 16.202530 261.390807 
94 -22.999688 0.477131 16.266735 262.406192 
95 -19.735445 11.913052 16.300439 262.935237 
96 -11.150566 20.184728 16.305802 263.016788 
97 0.380300 23.055770 16.305109 262.986191 
98 11.872488 19.776733 16.310658 263.079384 
99 20.224695 11.190909 16.344338 263.631142 
100 23.112992 -0.420736 16.346061 263.659439 
101 19.729771 -11.920864 16.299860 262.899862 
102 11.076247 -20.188657 16.282892 262.617078 
103 -0.534406 -23.022014 16.283407 262.618185 
104 -12.024880 -19.670446 16.302211 262.907400 
105 -20.290802 -11.022666 16.328132 263.314706 
106 -23.043842 0.599493 16.299970 262.868278 
107 -19.633388 12.041097 16.285852 262.644790 
108 -11.009987 20.244590 16.295141 262.789703 
109 0.545521 23.037322 16.294413 262.772606 
110 11.969803 19.678146 16.286584 262.642541 
111 20.164408 11.056873 16.261269 262.226657 
112 22.944259 -0.506671 16.227997 261.679837 
113 19.619050 -11.910920 16.229250 261.700382 
114 11.063842 -20.124684 16.239020 261.863085 
115 -0.486718 -22.960409 16.239108 261.863628 
116 -11.925707 -19.640938 16.247907 262.002625 
117 -20.170172 -11.046698 16.261386 262.217670 
118 -23.025438 0.518365 16.285568 262.601679 
119 -19.730174 11.961636 16.315031 263.068549 
120 -11.129537 20.224168 16.323044 263.193985 
121 0.489565 23.079411 16.323279 263.199877 
122 11.973676 19.742574 16.326943 263.260642 
123 20.239707 11.110732 16.326269 263.249662 
124 23.078080 -0.497677 16.322461 263.187794 
125 19.724228 -11.970041 16.314519 263.058596 
126 11.055130 -20.228473 16.300415 262.825029 
127 -0.578504 -23.045937 16.301072 262.831027 
128 -12.037765 -19.669115 16.306162 262.911449 
129 -20.255867 -11.015070 16.303863 262.874847 
130 -23.055430 0.588603 16.307963 262.940172 
131 -19.670767 12.037460 16.307046 262.925511 
132 -11.014476 20.260129 16.306310 262.913819 
133 0.580544 23.053024 16.306118 262.909775 
134 11.996323 19.674233 16.293974 262.710224 
135 20.208154 11.040224 16.282752 262.527764 
136 23.016666 -0.542963 16.279768 262.479213 
137 19.658376 -11.978552 16.277860 262.448136 
138 11.023830 -20.202919 16.273948 262.383981 
139 -0.551658 -23.008156 16.273899 262.383376 
140 -11.983868 -19.649819 16.274650 262.395339 
141 -20.221857 -11.025308 16.286205 262.580130 
142 -23.050801 0.562732 16.304234 262.868807 
143 -19.687332 12.012741 16.307927 262.927863 
144 -11.046358 20.247004 16.308943 262.943966 
145 0.531436 23.057599 16.308515 262.935664 
